<?xml version="1.0" encoding="UTF-8"?>
<!-- Generated by org.testng.reporters.JUnitXMLReporter -->
<testsuite ignored="4" hostname="MacBook-Pro-2.attlocal.net" failures="0" tests="0" time="0.01" errors="0" timestamp="2022-09-26T12:14:39 GMT-05:00">
  <testcase classname="sfdc.tests.test" name="testcase3" time="0.0">
    <ignored/>
  </testcase> <!-- testcase3 -->
  <testcase classname="sfdc.tests.test" name="ztt" time="0.0">
    <ignored/>
  </testcase> <!-- ztt -->
  <testcase classname="sfdc.tests.test" name="testcase2" time="0.0">
    <ignored/>
  </testcase> <!-- testcase2 -->
  <testcase classname="sfdc.tests.test" name="testcase1" time="0.0">
    <ignored/>
  </testcase> <!-- testcase1 -->
</testsuite>
